# JRE version: OpenJDK Runtime Environment Temurin-21.0.6+7 (21.0.6+7) (build 21.0.6+7-LTS)
# Java VM: OpenJDK 64-Bit Server VM Temurin-21.0.6+7 (21.0.6+7-LTS, mixed mode, sharing, tiered, compressed oops, compressed class ptrs, parallel gc, windows-amd64)
GC Precious Log:
 CardTable entry size: 512
 CPUs: 12 total, 12 available
 Memory: 15754M
 Large Page Support: Disabled
 NUMA Support: Disabled
 Compressed Oops: Enabled (32-bit)
 Alignments: Space 512K, Generation 512K, Heap 2M
 Heap Min Capacity: 100M
 Heap Initial Capacity: 100M
 Heap Max Capacity: 1G
 Pre-touch: Disabled
 Parallel Workers: 10
Heap:
 PSYoungGen      total 5632K, used 2310K [0x00000000eab00000, 0x00000000eb980000, 0x0000000100000000)
  eden space 5120K, 35% used [0x00000000eab00000,0x00000000eacc1868,0x00000000eb000000)
  from space 512K, 100% used [0x00000000eb880000,0x00000000eb900000,0x00000000eb900000)
  to   space 512K, 0% used [0x00000000eb900000,0x00000000eb900000,0x00000000eb980000)
 ParOldGen       total 410624K, used 410350K [0x00000000c0000000, 0x00000000d9100000, 0x00000000eab00000)
  object space 410624K, 99% used [0x00000000c0000000,0x00000000d90bbab8,0x00000000d9100000)
 Metaspace       used 80190K, committed 82048K, reserved 1179648K
  class space    used 8030K, committed 8896K, reserved 1048576K
GC Heap History (20 events):
Event: 133.112 GC heap before
{Heap before GC invocations=2603 (full 6):
 PSYoungGen      total 5632K, used 5503K [0x00000000eab00000, 0x00000000eba00000, 0x0000000100000000)
  eden space 5120K, 99% used [0x00000000eab00000,0x00000000eafffff8,0x00000000eb000000)
  from space 512K, 75% used [0x00000000eb900000,0x00000000eb960000,0x00000000eb980000)
  to   space 512K, 0% used [0x00000000eb980000,0x00000000eb980000,0x00000000eba00000)
 ParOldGen       total 409088K, used 408284K [0x00000000c0000000, 0x00000000d8f80000, 0x00000000eab00000)
  object space 409088K, 99% used [0x00000000c0000000,0x00000000d8eb72b0,0x00000000d8f80000)
 Metaspace       used 77240K, committed 79040K, reserved 1179648K
  class space    used 7581K, committed 8384K, reserved 1048576K
}
Event: 133.113 GC heap after
{Heap after GC invocations=2603 (full 6):
 PSYoungGen      total 5632K, used 256K [0x00000000eab00000, 0x00000000eba00000, 0x0000000100000000)
  eden space 5120K, 0% used [0x00000000eab00000,0x00000000eab00000,0x00000000eb000000)
  from space 512K, 50% used [0x00000000eb980000,0x00000000eb9c0000,0x00000000eba00000)
  to   space 512K, 0% used [0x00000000eb900000,0x00000000eb900000,0x00000000eb980000)
 ParOldGen       total 409088K, used 408396K [0x00000000c0000000, 0x00000000d8f80000, 0x00000000eab00000)
  object space 409088K, 99% used [0x00000000c0000000,0x00000000d8ed32b0,0x00000000d8f80000)
 Metaspace       used 77240K, committed 79040K, reserved 1179648K
  class space    used 7581K, committed 8384K, reserved 1048576K
}
Event: 133.153 GC heap before
{Heap before GC invocations=2604 (full 6):
 PSYoungGen      total 5632K, used 5358K [0x00000000eab00000, 0x00000000eba00000, 0x0000000100000000)
  eden space 5120K, 99% used [0x00000000eab00000,0x00000000eaffbad0,0x00000000eb000000)
  from space 512K, 50% used [0x00000000eb980000,0x00000000eb9c0000,0x00000000eba00000)
  to   space 512K, 0% used [0x00000000eb900000,0x00000000eb900000,0x00000000eb980000)
 ParOldGen       total 409088K, used 408396K [0x00000000c0000000, 0x00000000d8f80000, 0x00000000eab00000)
  object space 409088K, 99% used [0x00000000c0000000,0x00000000d8ed32b0,0x00000000d8f80000)
 Metaspace       used 77574K, committed 79360K, reserved 1179648K
  class space    used 7628K, committed 8448K, reserved 1048576K
}
Event: 133.154 GC heap after
{Heap after GC invocations=2604 (full 6):
 PSYoungGen      total 5632K, used 497K [0x00000000eab00000, 0x00000000eba00000, 0x0000000100000000)
  eden space 5120K, 0% used [0x00000000eab00000,0x00000000eab00000,0x00000000eb000000)
  from space 512K, 97% used [0x00000000eb900000,0x00000000eb97c5f0,0x00000000eb980000)
  to   space 512K, 0% used [0x00000000eb980000,0x00000000eb980000,0x00000000eba00000)
 ParOldGen       total 409088K, used 408540K [0x00000000c0000000, 0x00000000d8f80000, 0x00000000eab00000)
  object space 409088K, 99% used [0x00000000c0000000,0x00000000d8ef72c0,0x00000000d8f80000)
 Metaspace       used 77574K, committed 79360K, reserved 1179648K
  class space    used 7628K, committed 8448K, reserved 1048576K
}
Event: 133.194 GC heap before
{Heap before GC invocations=2605 (full 6):
 PSYoungGen      total 5632K, used 5617K [0x00000000eab00000, 0x00000000eba00000, 0x0000000100000000)
  eden space 5120K, 100% used [0x00000000eab00000,0x00000000eb000000,0x00000000eb000000)
  from space 512K, 97% used [0x00000000eb900000,0x00000000eb97c5f0,0x00000000eb980000)
  to   space 512K, 0% used [0x00000000eb980000,0x00000000eb980000,0x00000000eba00000)
 ParOldGen       total 409088K, used 408540K [0x00000000c0000000, 0x00000000d8f80000, 0x00000000eab00000)
  object space 409088K, 99% used [0x00000000c0000000,0x00000000d8ef72c0,0x00000000d8f80000)
 Metaspace       used 77938K, committed 79744K, reserved 1179648K
  class space    used 7658K, committed 8448K, reserved 1048576K
}
Event: 133.195 GC heap after
{Heap after GC invocations=2605 (full 6):
 PSYoungGen      total 5632K, used 320K [0x00000000eab00000, 0x00000000eba00000, 0x0000000100000000)
  eden space 5120K, 0% used [0x00000000eab00000,0x00000000eab00000,0x00000000eb000000)
  from space 512K, 62% used [0x00000000eb980000,0x00000000eb9d0010,0x00000000eba00000)
  to   space 512K, 0% used [0x00000000eb900000,0x00000000eb900000,0x00000000eb980000)
 ParOldGen       total 409088K, used 408846K [0x00000000c0000000, 0x00000000d8f80000, 0x00000000eab00000)
  object space 409088K, 99% used [0x00000000c0000000,0x00000000d8f438b0,0x00000000d8f80000)
 Metaspace       used 77938K, committed 79744K, reserved 1179648K
  class space    used 7658K, committed 8448K, reserved 1048576K
}
Event: 133.220 GC heap before
{Heap before GC invocations=2606 (full 6):
 PSYoungGen      total 5632K, used 5440K [0x00000000eab00000, 0x00000000eba00000, 0x0000000100000000)
  eden space 5120K, 100% used [0x00000000eab00000,0x00000000eb000000,0x00000000eb000000)
  from space 512K, 62% used [0x00000000eb980000,0x00000000eb9d0010,0x00000000eba00000)
  to   space 512K, 0% used [0x00000000eb900000,0x00000000eb900000,0x00000000eb980000)
 ParOldGen       total 409088K, used 408846K [0x00000000c0000000, 0x00000000d8f80000, 0x00000000eab00000)
  object space 409088K, 99% used [0x00000000c0000000,0x00000000d8f438b0,0x00000000d8f80000)
 Metaspace       used 78263K, committed 80064K, reserved 1179648K
  class space    used 7694K, committed 8512K, reserved 1048576K
}
Event: 133.221 GC heap after
{Heap after GC invocations=2606 (full 6):
 PSYoungGen      total 5632K, used 448K [0x00000000eab00000, 0x00000000eba00000, 0x0000000100000000)
  eden space 5120K, 0% used [0x00000000eab00000,0x00000000eab00000,0x00000000eb000000)
  from space 512K, 87% used [0x00000000eb900000,0x00000000eb970040,0x00000000eb980000)
  to   space 512K, 0% used [0x00000000eb980000,0x00000000eb980000,0x00000000eba00000)
 ParOldGen       total 409088K, used 408974K [0x00000000c0000000, 0x00000000d8f80000, 0x00000000eab00000)
  object space 409088K, 99% used [0x00000000c0000000,0x00000000d8f638c0,0x00000000d8f80000)
 Metaspace       used 78263K, committed 80064K, reserved 1179648K
  class space    used 7694K, committed 8512K, reserved 1048576K
}
Event: 133.270 GC heap before
{Heap before GC invocations=2607 (full 6):
 PSYoungGen      total 5632K, used 5568K [0x00000000eab00000, 0x00000000eba00000, 0x0000000100000000)
  eden space 5120K, 100% used [0x00000000eab00000,0x00000000eb000000,0x00000000eb000000)
  from space 512K, 87% used [0x00000000eb900000,0x00000000eb970040,0x00000000eb980000)
  to   space 512K, 0% used [0x00000000eb980000,0x00000000eb980000,0x00000000eba00000)
 ParOldGen       total 409088K, used 408974K [0x00000000c0000000, 0x00000000d8f80000, 0x00000000eab00000)
  object space 409088K, 99% used [0x00000000c0000000,0x00000000d8f638c0,0x00000000d8f80000)
 Metaspace       used 78669K, committed 80448K, reserved 1179648K
  class space    used 7751K, committed 8576K, reserved 1048576K
}
Event: 133.271 GC heap after
{Heap after GC invocations=2607 (full 6):
 PSYoungGen      total 5632K, used 496K [0x00000000eab00000, 0x00000000eba00000, 0x0000000100000000)
  eden space 5120K, 0% used [0x00000000eab00000,0x00000000eab00000,0x00000000eb000000)
  from space 512K, 96% used [0x00000000eb980000,0x00000000eb9fc070,0x00000000eba00000)
  to   space 1024K, 0% used [0x00000000eb800000,0x00000000eb800000,0x00000000eb900000)
 ParOldGen       total 409600K, used 409238K [0x00000000c0000000, 0x00000000d9000000, 0x00000000eab00000)
  object space 409600K, 99% used [0x00000000c0000000,0x00000000d8fa5910,0x00000000d9000000)
 Metaspace       used 78669K, committed 80448K, reserved 1179648K
  class space    used 7751K, committed 8576K, reserved 1048576K
}
Event: 133.291 GC heap before
{Heap before GC invocations=2608 (full 6):
 PSYoungGen      total 5632K, used 5614K [0x00000000eab00000, 0x00000000eba00000, 0x0000000100000000)
  eden space 5120K, 99% used [0x00000000eab00000,0x00000000eafff8b8,0x00000000eb000000)
  from space 512K, 96% used [0x00000000eb980000,0x00000000eb9fc070,0x00000000eba00000)
  to   space 1024K, 0% used [0x00000000eb800000,0x00000000eb800000,0x00000000eb900000)
 ParOldGen       total 409600K, used 409238K [0x00000000c0000000, 0x00000000d9000000, 0x00000000eab00000)
  object space 409600K, 99% used [0x00000000c0000000,0x00000000d8fa5910,0x00000000d9000000)
 Metaspace       used 79027K, committed 80768K, reserved 1179648K
  class space    used 7841K, committed 8640K, reserved 1048576K
}
Event: 133.292 GC heap after
{Heap after GC invocations=2608 (full 6):
 PSYoungGen      total 6144K, used 449K [0x00000000eab00000, 0x00000000eba00000, 0x0000000100000000)
  eden space 5120K, 0% used [0x00000000eab00000,0x00000000eab00000,0x00000000eb000000)
  from space 1024K, 43% used [0x00000000eb800000,0x00000000eb870780,0x00000000eb900000)
  to   space 1024K, 0% used [0x00000000eb900000,0x00000000eb900000,0x00000000eba00000)
 ParOldGen       total 410112K, used 409638K [0x00000000c0000000, 0x00000000d9080000, 0x00000000eab00000)
  object space 410112K, 99% used [0x00000000c0000000,0x00000000d9009a40,0x00000000d9080000)
 Metaspace       used 79027K, committed 80768K, reserved 1179648K
  class space    used 7841K, committed 8640K, reserved 1048576K
}
Event: 133.313 GC heap before
{Heap before GC invocations=2609 (full 6):
 PSYoungGen      total 6144K, used 5569K [0x00000000eab00000, 0x00000000eba00000, 0x0000000100000000)
  eden space 5120K, 99% used [0x00000000eab00000,0x00000000eafffff8,0x00000000eb000000)
  from space 1024K, 43% used [0x00000000eb800000,0x00000000eb870780,0x00000000eb900000)
  to   space 1024K, 0% used [0x00000000eb900000,0x00000000eb900000,0x00000000eba00000)
 ParOldGen       total 410112K, used 409640K [0x00000000c0000000, 0x00000000d9080000, 0x00000000eab00000)
  object space 410112K, 99% used [0x00000000c0000000,0x00000000d900a0c8,0x00000000d9080000)
 Metaspace       used 79291K, committed 81088K, reserved 1179648K
  class space    used 7892K, committed 8704K, reserved 1048576K
}
Event: 133.314 GC heap after
{Heap after GC invocations=2609 (full 6):
 PSYoungGen      total 5632K, used 288K [0x00000000eab00000, 0x00000000eb980000, 0x0000000100000000)
  eden space 5120K, 0% used [0x00000000eab00000,0x00000000eab00000,0x00000000eb000000)
  from space 512K, 56% used [0x00000000eb900000,0x00000000eb948000,0x00000000eb980000)
  to   space 512K, 0% used [0x00000000eb880000,0x00000000eb880000,0x00000000eb900000)
 ParOldGen       total 410112K, used 409848K [0x00000000c0000000, 0x00000000d9080000, 0x00000000eab00000)
  object space 410112K, 99% used [0x00000000c0000000,0x00000000d903e118,0x00000000d9080000)
 Metaspace       used 79291K, committed 81088K, reserved 1179648K
  class space    used 7892K, committed 8704K, reserved 1048576K
}
Event: 133.328 GC heap before
{Heap before GC invocations=2610 (full 6):
 PSYoungGen      total 5632K, used 5408K [0x00000000eab00000, 0x00000000eb980000, 0x0000000100000000)
  eden space 5120K, 100% used [0x00000000eab00000,0x00000000eb000000,0x00000000eb000000)
  from space 512K, 56% used [0x00000000eb900000,0x00000000eb948000,0x00000000eb980000)
  to   space 512K, 0% used [0x00000000eb880000,0x00000000eb880000,0x00000000eb900000)
 ParOldGen       total 410112K, used 410028K [0x00000000c0000000, 0x00000000d9080000, 0x00000000eab00000)
  object space 410112K, 99% used [0x00000000c0000000,0x00000000d906b340,0x00000000d9080000)
 Metaspace       used 79511K, committed 81280K, reserved 1179648K
  class space    used 7932K, committed 8704K, reserved 1048576K
}
Event: 133.329 GC heap after
{Heap after GC invocations=2610 (full 6):
 PSYoungGen      total 5632K, used 320K [0x00000000eab00000, 0x00000000eb980000, 0x0000000100000000)
  eden space 5120K, 0% used [0x00000000eab00000,0x00000000eab00000,0x00000000eb000000)
  from space 512K, 62% used [0x00000000eb880000,0x00000000eb8d0000,0x00000000eb900000)
  to   space 512K, 0% used [0x00000000eb900000,0x00000000eb900000,0x00000000eb980000)
 ParOldGen       total 410624K, used 410132K [0x00000000c0000000, 0x00000000d9100000, 0x00000000eab00000)
  object space 410624K, 99% used [0x00000000c0000000,0x00000000d9085340,0x00000000d9100000)
 Metaspace       used 79511K, committed 81280K, reserved 1179648K
  class space    used 7932K, committed 8704K, reserved 1048576K
}
Event: 133.342 GC heap before
{Heap before GC invocations=2611 (full 6):
 PSYoungGen      total 5632K, used 5440K [0x00000000eab00000, 0x00000000eb980000, 0x0000000100000000)
  eden space 5120K, 100% used [0x00000000eab00000,0x00000000eb000000,0x00000000eb000000)
  from space 512K, 62% used [0x00000000eb880000,0x00000000eb8d0000,0x00000000eb900000)
  to   space 512K, 0% used [0x00000000eb900000,0x00000000eb900000,0x00000000eb980000)
 ParOldGen       total 410624K, used 410134K [0x00000000c0000000, 0x00000000d9100000, 0x00000000eab00000)
  object space 410624K, 99% used [0x00000000c0000000,0x00000000d9085a48,0x00000000d9100000)
 Metaspace       used 79720K, committed 81536K, reserved 1179648K
  class space    used 7952K, committed 8768K, reserved 1048576K
}
Event: 133.343 GC heap after
{Heap after GC invocations=2611 (full 6):
 PSYoungGen      total 5632K, used 320K [0x00000000eab00000, 0x00000000eb980000, 0x0000000100000000)
  eden space 5120K, 0% used [0x00000000eab00000,0x00000000eab00000,0x00000000eb000000)
  from space 512K, 62% used [0x00000000eb900000,0x00000000eb950000,0x00000000eb980000)
  to   space 512K, 0% used [0x00000000eb880000,0x00000000eb880000,0x00000000eb900000)
 ParOldGen       total 410624K, used 410190K [0x00000000c0000000, 0x00000000d9100000, 0x00000000eab00000)
  object space 410624K, 99% used [0x00000000c0000000,0x00000000d9093a48,0x00000000d9100000)
 Metaspace       used 79720K, committed 81536K, reserved 1179648K
  class space    used 7952K, committed 8768K, reserved 1048576K
}
Event: 133.404 GC heap before
{Heap before GC invocations=2612 (full 6):
 PSYoungGen      total 5632K, used 5440K [0x00000000eab00000, 0x00000000eb980000, 0x0000000100000000)
  eden space 5120K, 100% used [0x00000000eab00000,0x00000000eb000000,0x00000000eb000000)
  from space 512K, 62% used [0x00000000eb900000,0x00000000eb950000,0x00000000eb980000)
  to   space 512K, 0% used [0x00000000eb880000,0x00000000eb880000,0x00000000eb900000)
 ParOldGen       total 410624K, used 410190K [0x00000000c0000000, 0x00000000d9100000, 0x00000000eab00000)
  object space 410624K, 99% used [0x00000000c0000000,0x00000000d9093a48,0x00000000d9100000)
 Metaspace       used 79983K, committed 81856K, reserved 1179648K
  class space    used 8005K, committed 8832K, reserved 1048576K
}
Event: 133.405 GC heap after
{Heap after GC invocations=2612 (full 6):
 PSYoungGen      total 5632K, used 512K [0x00000000eab00000, 0x00000000eb980000, 0x0000000100000000)
  eden space 5120K, 0% used [0x00000000eab00000,0x00000000eab00000,0x00000000eb000000)
  from space 512K, 100% used [0x00000000eb880000,0x00000000eb900000,0x00000000eb900000)
  to   space 512K, 0% used [0x00000000eb900000,0x00000000eb900000,0x00000000eb980000)
 ParOldGen       total 410624K, used 410350K [0x00000000c0000000, 0x00000000d9100000, 0x00000000eab00000)
  object space 410624K, 99% used [0x00000000c0000000,0x00000000d90bbab8,0x00000000d9100000)
 Metaspace       used 79983K, committed 81856K, reserved 1179648K
  class space    used 8005K, committed 8832K, reserved 1048576K
}

